[INFO  - 2019-03-13T13:09:51.899Z] GhostDriver - Main - running on port 38194
[INFO  - 2019-03-13T13:09:52.068Z] Session [49b45400-4591-11e9-829a-9382aa29d5b3] - page.settings - {"XSSAuditingEnabled":false,"javascriptCanCloseWindows":true,"javascriptCanOpenWindows":true,"javascriptEnabled":true,"loadImages":true,"localToRemoteUrlAccessEnabled":false,"userAgent":"Mozilla/5.0 (Windows NT 6.2; WOW64) AppleWebKit/538.1 (KHTML, like Gecko) PhantomJS/2.1.1 Safari/538.1","webSecurityEnabled":true}
[INFO  - 2019-03-13T13:09:52.068Z] Session [49b45400-4591-11e9-829a-9382aa29d5b3] - page.customHeaders:  - {}
[INFO  - 2019-03-13T13:09:52.068Z] Session [49b45400-4591-11e9-829a-9382aa29d5b3] - Session.negotiatedCapabilities - {"browserName":"phantomjs","version":"2.1.1","driverName":"ghostdriver","driverVersion":"1.2.0","platform":"windows-10-32bit","javascriptEnabled":true,"takesScreenshot":true,"handlesAlerts":false,"databaseEnabled":false,"locationContextEnabled":false,"applicationCacheEnabled":false,"browserConnectionEnabled":false,"cssSelectorsEnabled":true,"webStorageEnabled":false,"rotatable":false,"acceptSslCerts":false,"nativeEvents":true,"proxy":{"proxyType":"direct"}}
[INFO  - 2019-03-13T13:09:52.068Z] SessionManagerReqHand - _postNewSessionCommand - New Session Created: 49b45400-4591-11e9-829a-9382aa29d5b3
[ERROR - 2019-03-13T13:09:54.066Z] WebElementLocator - _handleLocateCommand - Element(s) NOT Found: GAVE UP. Search Stop Time: 1552482594015
[INFO  - 2019-03-13T13:10:35.164Z] GhostDriver - Main - running on port 44823
[INFO  - 2019-03-13T13:10:35.431Z] Session [638cff30-4591-11e9-acd3-f9d0bc52880c] - page.settings - {"XSSAuditingEnabled":false,"javascriptCanCloseWindows":true,"javascriptCanOpenWindows":true,"javascriptEnabled":true,"loadImages":true,"localToRemoteUrlAccessEnabled":false,"userAgent":"Mozilla/5.0 (Windows NT 6.2; WOW64) AppleWebKit/538.1 (KHTML, like Gecko) PhantomJS/2.1.1 Safari/538.1","webSecurityEnabled":true}
[INFO  - 2019-03-13T13:10:35.431Z] Session [638cff30-4591-11e9-acd3-f9d0bc52880c] - page.customHeaders:  - {}
[INFO  - 2019-03-13T13:10:35.431Z] Session [638cff30-4591-11e9-acd3-f9d0bc52880c] - Session.negotiatedCapabilities - {"browserName":"phantomjs","version":"2.1.1","driverName":"ghostdriver","driverVersion":"1.2.0","platform":"windows-10-32bit","javascriptEnabled":true,"takesScreenshot":true,"handlesAlerts":false,"databaseEnabled":false,"locationContextEnabled":false,"applicationCacheEnabled":false,"browserConnectionEnabled":false,"cssSelectorsEnabled":true,"webStorageEnabled":false,"rotatable":false,"acceptSslCerts":false,"nativeEvents":true,"proxy":{"proxyType":"direct"}}
[INFO  - 2019-03-13T13:10:35.431Z] SessionManagerReqHand - _postNewSessionCommand - New Session Created: 638cff30-4591-11e9-acd3-f9d0bc52880c
[INFO  - 2019-03-15T01:49:54.455Z] GhostDriver - Main - running on port 29452
[INFO  - 2019-03-15T01:49:54.669Z] Session [a162eca0-46c4-11e9-976b-95a8edc8e51e] - page.settings - {"XSSAuditingEnabled":false,"javascriptCanCloseWindows":true,"javascriptCanOpenWindows":true,"javascriptEnabled":true,"loadImages":true,"localToRemoteUrlAccessEnabled":false,"userAgent":"Mozilla/5.0 (Windows NT 6.2; WOW64) AppleWebKit/538.1 (KHTML, like Gecko) PhantomJS/2.1.1 Safari/538.1","webSecurityEnabled":true}
[INFO  - 2019-03-15T01:49:54.669Z] Session [a162eca0-46c4-11e9-976b-95a8edc8e51e] - page.customHeaders:  - {}
[INFO  - 2019-03-15T01:49:54.669Z] Session [a162eca0-46c4-11e9-976b-95a8edc8e51e] - Session.negotiatedCapabilities - {"browserName":"phantomjs","version":"2.1.1","driverName":"ghostdriver","driverVersion":"1.2.0","platform":"windows-10-32bit","javascriptEnabled":true,"takesScreenshot":true,"handlesAlerts":false,"databaseEnabled":false,"locationContextEnabled":false,"applicationCacheEnabled":false,"browserConnectionEnabled":false,"cssSelectorsEnabled":true,"webStorageEnabled":false,"rotatable":false,"acceptSslCerts":false,"nativeEvents":true,"proxy":{"proxyType":"direct"}}
[INFO  - 2019-03-15T01:49:54.669Z] SessionManagerReqHand - _postNewSessionCommand - New Session Created: a162eca0-46c4-11e9-976b-95a8edc8e51e
[INFO  - 2019-03-15T01:49:59.989Z] GhostDriver - Main - running on port 47166
[INFO  - 2019-03-15T01:50:00.145Z] Session [a4a67ee0-46c4-11e9-ae92-2f98eda463b7] - page.settings - {"XSSAuditingEnabled":false,"javascriptCanCloseWindows":true,"javascriptCanOpenWindows":true,"javascriptEnabled":true,"loadImages":true,"localToRemoteUrlAccessEnabled":false,"userAgent":"Mozilla/5.0 (Windows NT 6.2; WOW64) AppleWebKit/538.1 (KHTML, like Gecko) PhantomJS/2.1.1 Safari/538.1","webSecurityEnabled":true}
[INFO  - 2019-03-15T01:50:00.145Z] Session [a4a67ee0-46c4-11e9-ae92-2f98eda463b7] - page.customHeaders:  - {}
[INFO  - 2019-03-15T01:50:00.145Z] Session [a4a67ee0-46c4-11e9-ae92-2f98eda463b7] - Session.negotiatedCapabilities - {"browserName":"phantomjs","version":"2.1.1","driverName":"ghostdriver","driverVersion":"1.2.0","platform":"windows-10-32bit","javascriptEnabled":true,"takesScreenshot":true,"handlesAlerts":false,"databaseEnabled":false,"locationContextEnabled":false,"applicationCacheEnabled":false,"browserConnectionEnabled":false,"cssSelectorsEnabled":true,"webStorageEnabled":false,"rotatable":false,"acceptSslCerts":false,"nativeEvents":true,"proxy":{"proxyType":"direct"}}
[INFO  - 2019-03-15T01:50:00.145Z] SessionManagerReqHand - _postNewSessionCommand - New Session Created: a4a67ee0-46c4-11e9-ae92-2f98eda463b7
[INFO  - 2019-03-15T01:50:05.130Z] GhostDriver - Main - running on port 22727
[INFO  - 2019-03-15T01:50:05.291Z] Session [a7b7b680-46c4-11e9-a6f5-f54516b091ef] - page.settings - {"XSSAuditingEnabled":false,"javascriptCanCloseWindows":true,"javascriptCanOpenWindows":true,"javascriptEnabled":true,"loadImages":true,"localToRemoteUrlAccessEnabled":false,"userAgent":"Mozilla/5.0 (Windows NT 6.2; WOW64) AppleWebKit/538.1 (KHTML, like Gecko) PhantomJS/2.1.1 Safari/538.1","webSecurityEnabled":true}
[INFO  - 2019-03-15T01:50:05.291Z] Session [a7b7b680-46c4-11e9-a6f5-f54516b091ef] - page.customHeaders:  - {}
[INFO  - 2019-03-15T01:50:05.291Z] Session [a7b7b680-46c4-11e9-a6f5-f54516b091ef] - Session.negotiatedCapabilities - {"browserName":"phantomjs","version":"2.1.1","driverName":"ghostdriver","driverVersion":"1.2.0","platform":"windows-10-32bit","javascriptEnabled":true,"takesScreenshot":true,"handlesAlerts":false,"databaseEnabled":false,"locationContextEnabled":false,"applicationCacheEnabled":false,"browserConnectionEnabled":false,"cssSelectorsEnabled":true,"webStorageEnabled":false,"rotatable":false,"acceptSslCerts":false,"nativeEvents":true,"proxy":{"proxyType":"direct"}}
[INFO  - 2019-03-15T01:50:05.291Z] SessionManagerReqHand - _postNewSessionCommand - New Session Created: a7b7b680-46c4-11e9-a6f5-f54516b091ef
[INFO  - 2019-03-15T01:50:10.410Z] GhostDriver - Main - running on port 31843
[INFO  - 2019-03-15T01:50:10.555Z] Session [aadaef80-46c4-11e9-ba8a-f91d8ed45d88] - page.settings - {"XSSAuditingEnabled":false,"javascriptCanCloseWindows":true,"javascriptCanOpenWindows":true,"javascriptEnabled":true,"loadImages":true,"localToRemoteUrlAccessEnabled":false,"userAgent":"Mozilla/5.0 (Windows NT 6.2; WOW64) AppleWebKit/538.1 (KHTML, like Gecko) PhantomJS/2.1.1 Safari/538.1","webSecurityEnabled":true}
[INFO  - 2019-03-15T01:50:10.556Z] Session [aadaef80-46c4-11e9-ba8a-f91d8ed45d88] - page.customHeaders:  - {}
[INFO  - 2019-03-15T01:50:10.556Z] Session [aadaef80-46c4-11e9-ba8a-f91d8ed45d88] - Session.negotiatedCapabilities - {"browserName":"phantomjs","version":"2.1.1","driverName":"ghostdriver","driverVersion":"1.2.0","platform":"windows-10-32bit","javascriptEnabled":true,"takesScreenshot":true,"handlesAlerts":false,"databaseEnabled":false,"locationContextEnabled":false,"applicationCacheEnabled":false,"browserConnectionEnabled":false,"cssSelectorsEnabled":true,"webStorageEnabled":false,"rotatable":false,"acceptSslCerts":false,"nativeEvents":true,"proxy":{"proxyType":"direct"}}
[INFO  - 2019-03-15T01:50:10.556Z] SessionManagerReqHand - _postNewSessionCommand - New Session Created: aadaef80-46c4-11e9-ba8a-f91d8ed45d88
[INFO  - 2019-03-15T01:50:15.213Z] GhostDriver - Main - running on port 25858
[INFO  - 2019-03-15T01:50:15.414Z] Session [adc05c30-46c4-11e9-bfed-978d953268d5] - page.settings - {"XSSAuditingEnabled":false,"javascriptCanCloseWindows":true,"javascriptCanOpenWindows":true,"javascriptEnabled":true,"loadImages":true,"localToRemoteUrlAccessEnabled":false,"userAgent":"Mozilla/5.0 (Windows NT 6.2; WOW64) AppleWebKit/538.1 (KHTML, like Gecko) PhantomJS/2.1.1 Safari/538.1","webSecurityEnabled":true}
[INFO  - 2019-03-15T01:50:15.414Z] Session [adc05c30-46c4-11e9-bfed-978d953268d5] - page.customHeaders:  - {}
[INFO  - 2019-03-15T01:50:15.414Z] Session [adc05c30-46c4-11e9-bfed-978d953268d5] - Session.negotiatedCapabilities - {"browserName":"phantomjs","version":"2.1.1","driverName":"ghostdriver","driverVersion":"1.2.0","platform":"windows-10-32bit","javascriptEnabled":true,"takesScreenshot":true,"handlesAlerts":false,"databaseEnabled":false,"locationContextEnabled":false,"applicationCacheEnabled":false,"browserConnectionEnabled":false,"cssSelectorsEnabled":true,"webStorageEnabled":false,"rotatable":false,"acceptSslCerts":false,"nativeEvents":true,"proxy":{"proxyType":"direct"}}
[INFO  - 2019-03-15T01:50:15.414Z] SessionManagerReqHand - _postNewSessionCommand - New Session Created: adc05c30-46c4-11e9-bfed-978d953268d5
[INFO  - 2019-03-15T01:50:20.297Z] GhostDriver - Main - running on port 24212
[INFO  - 2019-03-15T01:50:20.482Z] Session [b0c5acf0-46c4-11e9-8c39-234c5b25d500] - page.settings - {"XSSAuditingEnabled":false,"javascriptCanCloseWindows":true,"javascriptCanOpenWindows":true,"javascriptEnabled":true,"loadImages":true,"localToRemoteUrlAccessEnabled":false,"userAgent":"Mozilla/5.0 (Windows NT 6.2; WOW64) AppleWebKit/538.1 (KHTML, like Gecko) PhantomJS/2.1.1 Safari/538.1","webSecurityEnabled":true}
[INFO  - 2019-03-15T01:50:20.482Z] Session [b0c5acf0-46c4-11e9-8c39-234c5b25d500] - page.customHeaders:  - {}
[INFO  - 2019-03-15T01:50:20.482Z] Session [b0c5acf0-46c4-11e9-8c39-234c5b25d500] - Session.negotiatedCapabilities - {"browserName":"phantomjs","version":"2.1.1","driverName":"ghostdriver","driverVersion":"1.2.0","platform":"windows-10-32bit","javascriptEnabled":true,"takesScreenshot":true,"handlesAlerts":false,"databaseEnabled":false,"locationContextEnabled":false,"applicationCacheEnabled":false,"browserConnectionEnabled":false,"cssSelectorsEnabled":true,"webStorageEnabled":false,"rotatable":false,"acceptSslCerts":false,"nativeEvents":true,"proxy":{"proxyType":"direct"}}
[INFO  - 2019-03-15T01:50:20.483Z] SessionManagerReqHand - _postNewSessionCommand - New Session Created: b0c5acf0-46c4-11e9-8c39-234c5b25d500
[INFO  - 2019-04-01T11:46:27.410Z] GhostDriver - Main - running on port 37627
[INFO  - 2019-04-01T11:46:27.554Z] Session [c8a157e0-5473-11e9-aa61-3301e56dc7de] - page.settings - {"XSSAuditingEnabled":false,"javascriptCanCloseWindows":true,"javascriptCanOpenWindows":true,"javascriptEnabled":true,"loadImages":true,"localToRemoteUrlAccessEnabled":false,"userAgent":"Mozilla/5.0 (Windows NT 6.2; WOW64) AppleWebKit/538.1 (KHTML, like Gecko) PhantomJS/2.1.1 Safari/538.1","webSecurityEnabled":true}
[INFO  - 2019-04-01T11:46:27.554Z] Session [c8a157e0-5473-11e9-aa61-3301e56dc7de] - page.customHeaders:  - {}
[INFO  - 2019-04-01T11:46:27.554Z] Session [c8a157e0-5473-11e9-aa61-3301e56dc7de] - Session.negotiatedCapabilities - {"browserName":"phantomjs","version":"2.1.1","driverName":"ghostdriver","driverVersion":"1.2.0","platform":"windows-10-32bit","javascriptEnabled":true,"takesScreenshot":true,"handlesAlerts":false,"databaseEnabled":false,"locationContextEnabled":false,"applicationCacheEnabled":false,"browserConnectionEnabled":false,"cssSelectorsEnabled":true,"webStorageEnabled":false,"rotatable":false,"acceptSslCerts":false,"nativeEvents":true,"proxy":{"proxyType":"direct"}}
[INFO  - 2019-04-01T11:46:27.554Z] SessionManagerReqHand - _postNewSessionCommand - New Session Created: c8a157e0-5473-11e9-aa61-3301e56dc7de
[INFO  - 2019-04-01T11:46:48.349Z] GhostDriver - Main - running on port 25301
[INFO  - 2019-04-01T11:46:48.480Z] Session [d51a8cd0-5473-11e9-92f5-416bad80b375] - page.settings - {"XSSAuditingEnabled":false,"javascriptCanCloseWindows":true,"javascriptCanOpenWindows":true,"javascriptEnabled":true,"loadImages":true,"localToRemoteUrlAccessEnabled":false,"userAgent":"Mozilla/5.0 (Windows NT 6.2; WOW64) AppleWebKit/538.1 (KHTML, like Gecko) PhantomJS/2.1.1 Safari/538.1","webSecurityEnabled":true}
[INFO  - 2019-04-01T11:46:48.480Z] Session [d51a8cd0-5473-11e9-92f5-416bad80b375] - page.customHeaders:  - {}
[INFO  - 2019-04-01T11:46:48.480Z] Session [d51a8cd0-5473-11e9-92f5-416bad80b375] - Session.negotiatedCapabilities - {"browserName":"phantomjs","version":"2.1.1","driverName":"ghostdriver","driverVersion":"1.2.0","platform":"windows-10-32bit","javascriptEnabled":true,"takesScreenshot":true,"handlesAlerts":false,"databaseEnabled":false,"locationContextEnabled":false,"applicationCacheEnabled":false,"browserConnectionEnabled":false,"cssSelectorsEnabled":true,"webStorageEnabled":false,"rotatable":false,"acceptSslCerts":false,"nativeEvents":true,"proxy":{"proxyType":"direct"}}
[INFO  - 2019-04-01T11:46:48.480Z] SessionManagerReqHand - _postNewSessionCommand - New Session Created: d51a8cd0-5473-11e9-92f5-416bad80b375
